0 info it worked if it ends with ok
1 verbose cli [ 'node', '/usr/local/bin/npm', 'install', 'karma', '--save-dev' ]
2 info using npm@2.4.1
3 info using node@v0.10.36
4 warn package.json angularjs-testing-quick-start@1.0.0 No repository field.
5 silly cache add args [ 'karma@^0.12.24', null ]
6 verbose cache add spec karma@^0.12.24
7 silly cache add parsed spec { raw: 'karma@^0.12.24',
7 silly cache add   scope: null,
7 silly cache add   name: 'karma',
7 silly cache add   rawSpec: '^0.12.24',
7 silly cache add   spec: '>=0.12.24 <0.13.0',
7 silly cache add   type: 'range' }
8 verbose addNamed karma@>=0.12.24 <0.13.0
9 silly addNamed semver.valid null
10 silly addNamed semver.validRange >=0.12.24 <0.13.0
11 silly addNameRange { name: 'karma', range: '>=0.12.24 <0.13.0', hasData: false }
12 silly mapToRegistry name karma
13 silly mapToRegistry using default registry
14 silly mapToRegistry registry https://registry.npmjs.org/
15 silly mapToRegistry uri https://registry.npmjs.org/karma
16 verbose addNameRange registry:https://registry.npmjs.org/karma not in flight; fetching
17 verbose request uri https://registry.npmjs.org/karma
18 verbose request no auth needed
19 info attempt registry request try #1 at 21:28:25
20 verbose request id f0b935542bf7c045
21 verbose etag "7NPSSD8A5051PXIHNYQ3VYVN3"
22 http request GET https://registry.npmjs.org/karma
23 http 200 https://registry.npmjs.org/karma
24 silly get cb [ 200,
24 silly get   { date: 'Fri, 27 Mar 2015 01:28:24 GMT',
24 silly get     server: 'CouchDB/1.5.0 (Erlang OTP/R16B03)',
24 silly get     etag: '"1FHBH361KU47MPT0QO3HNMUW9"',
24 silly get     'content-type': 'application/json',
24 silly get     'cache-control': 'max-age=60',
24 silly get     'content-length': '688227',
24 silly get     'accept-ranges': 'bytes',
24 silly get     via: '1.1 varnish',
24 silly get     age: '3',
24 silly get     'x-served-by': 'cache-jfk1025-JFK',
24 silly get     'x-cache': 'HIT',
24 silly get     'x-cache-hits': '1',
24 silly get     'x-timer': 'S1427419704.484113,VS0,VE3',
24 silly get     vary: 'Accept',
24 silly get     'keep-alive': 'timeout=10, max=50',
24 silly get     connection: 'Keep-Alive' } ]
25 verbose get saving karma to /Users/spencerbigum/.npm/registry.npmjs.org/karma/.cache.json
26 silly addNameRange number 2 { name: 'karma', range: '>=0.12.24 <0.13.0', hasData: true }
27 silly addNameRange versions [ 'karma',
27 silly addNameRange   [ '0.8.0',
27 silly addNameRange     '0.9.0-dart',
27 silly addNameRange     '0.8.1',
27 silly addNameRange     '0.8.2',
27 silly addNameRange     '0.8.3',
27 silly addNameRange     '0.9.0',
27 silly addNameRange     '0.8.4',
27 silly addNameRange     '0.9.1',
27 silly addNameRange     '0.8.5',
27 silly addNameRange     '0.9.2',
27 silly addNameRange     '0.9.2-dart',
27 silly addNameRange     '0.9.3',
27 silly addNameRange     '0.8.6',
27 silly addNameRange     '0.9.4',
27 silly addNameRange     '0.8.7',
27 silly addNameRange     '0.9.5',
27 silly addNameRange     '0.9.6',
27 silly addNameRange     '0.8.8',
27 silly addNameRange     '0.9.7',
27 silly addNameRange     '0.9.8',
27 silly addNameRange     '0.10.0',
27 silly addNameRange     '0.10.1',
27 silly addNameRange     '0.10.2',
27 silly addNameRange     '0.11.0',
27 silly addNameRange     '0.11.1',
27 silly addNameRange     '0.10.3',
27 silly addNameRange     '0.10.4',
27 silly addNameRange     '0.11.2',
27 silly addNameRange     '0.11.3',
27 silly addNameRange     '0.10.5',
27 silly addNameRange     '0.11.4',
27 silly addNameRange     '0.11.5',
27 silly addNameRange     '0.10.6',
27 silly addNameRange     '0.11.6',
27 silly addNameRange     '0.10.7',
27 silly addNameRange     '0.11.7',
27 silly addNameRange     '0.11.8',
27 silly addNameRange     '0.11.9',
27 silly addNameRange     '0.10.8',
27 silly addNameRange     '0.11.10',
27 silly addNameRange     '0.11.11',
27 silly addNameRange     '0.11.12',
27 silly addNameRange     '0.11.11-dev',
27 silly addNameRange     '0.10.9',
27 silly addNameRange     '0.11.12-dev',
27 silly addNameRange     '0.11.12-dev2',
27 silly addNameRange     '0.11.13',
27 silly addNameRange     '0.11.14',
27 silly addNameRange     '0.12.0',
27 silly addNameRange     '0.10.10',
27 silly addNameRange     '0.12.1',
27 silly addNameRange     '0.12.2',
27 silly addNameRange     '0.12.3',
27 silly addNameRange     '0.12.4',
27 silly addNameRange     '0.12.5',
27 silly addNameRange     '0.12.6',
27 silly addNameRange     '0.12.6-beta-43e6e28',
27 silly addNameRange     '0.12.7',
27 silly addNameRange     '0.12.8',
27 silly addNameRange     '0.12.9',
27 silly addNameRange     '0.12.10',
27 silly addNameRange     '0.12.11',
27 silly addNameRange     '0.12.12',
27 silly addNameRange     '0.12.11-beta-3029418',
27 silly addNameRange     '0.12.13',
27 silly addNameRange     '0.12.14',
27 silly addNameRange     '0.12.15',
27 silly addNameRange     '0.12.16',
27 silly addNameRange     '0.12.16-beta-905422d',
27 silly addNameRange     '0.12.17',
27 silly addNameRange     '0.12.18',
27 silly addNameRange     '0.12.19',
27 silly addNameRange     '0.12.20',
27 silly addNameRange     '0.12.21',
27 silly addNameRange     '0.12.22',
27 silly addNameRange     '0.12.23',
27 silly addNameRange     '0.12.24',
27 silly addNameRange     '0.12.24-beta-6cf7955',
27 silly addNameRange     '0.12.25',
27 silly addNameRange     '0.12.25-beta-37a7958',
27 silly addNameRange     '0.12.25-beta-ad5bc24',
27 silly addNameRange     '0.12.26',
27 silly addNameRange     '0.12.27',
27 silly addNameRange     '0.12.28',
27 silly addNameRange     '0.12.28-beta-b9be580',
27 silly addNameRange     '0.12.29',
27 silly addNameRange     '0.12.30',
27 silly addNameRange     '0.12.31',
27 silly addNameRange     '0.12.28-beta-f65c864',
27 silly addNameRange     '0.12.24-dev-test',
27 silly addNameRange     '0.12.24-dev-socketio10',
27 silly addNameRange     '0.12.24-dev-socketio10-2',
27 silly addNameRange     '0.12.32-beta.0',
27 silly addNameRange     '0.12.32' ] ]
28 verbose addNamed karma@0.12.31
29 silly addNamed semver.valid 0.12.31
30 silly addNamed semver.validRange 0.12.31
31 silly cache afterAdd karma@0.12.31
32 verbose afterAdd /Users/spencerbigum/.npm/karma/0.12.31/package/package.json not in flight; writing
33 verbose afterAdd /Users/spencerbigum/.npm/karma/0.12.31/package/package.json written
34 silly install resolved [ { name: 'karma',
34 silly install resolved     description: 'Spectacular Test Runner for JavaScript.',
34 silly install resolved     homepage: 'http://karma-runner.github.io/',
34 silly install resolved     repository: { type: 'git', url: 'git://github.com/karma-runner/karma.git' },
34 silly install resolved     bugs: { url: 'https://github.com/karma-runner/karma/issues' },
34 silly install resolved     keywords:
34 silly install resolved      [ 'karma',
34 silly install resolved        'spectacular',
34 silly install resolved        'runner',
34 silly install resolved        'karma',
34 silly install resolved        'js',
34 silly install resolved        'javascript',
34 silly install resolved        'testing',
34 silly install resolved        'test',
34 silly install resolved        'remote',
34 silly install resolved        'execution' ],
34 silly install resolved     author: { name: 'Vojta Jína', email: 'vojta.jina@gmail.com' },
34 silly install resolved     contributors:
34 silly install resolved      [ [Object],
34 silly install resolved        [Object],
34 silly install resolved        [Object],
34 silly install resolved        [Object],
34 silly install resolved        [Object],
34 silly install resolved        [Object],
34 silly install resolved        [Object],
34 silly install resolved        [Object],
34 silly install resolved        [Object],
34 silly install resolved        [Object],
34 silly install resolved        [Object],
34 silly install resolved        [Object],
34 silly install resolved        [Object],
34 silly install resolved        [Object],
34 silly install resolved        [Object],
34 silly install resolved        [Object],
34 silly install resolved        [Object],
34 silly install resolved        [Object],
34 silly install resolved        [Object],
34 silly install resolved        [Object],
34 silly install resolved        [Object],
34 silly install resolved        [Object],
34 silly install resolved        [Object],
34 silly install resolved        [Object],
34 silly install resolved        [Object],
34 silly install resolved        [Object],
34 silly install resolved        [Object],
34 silly install resolved        [Object],
34 silly install resolved        [Object],
34 silly install resolved        [Object],
34 silly install resolved        [Object],
34 silly install resolved        [Object],
34 silly install resolved        [Object],
34 silly install resolved        [Object],
34 silly install resolved        [Object],
34 silly install resolved        [Object],
34 silly install resolved        [Object],
34 silly install resolved        [Object],
34 silly install resolved        [Object],
34 silly install resolved        [Object],
34 silly install resolved        [Object],
34 silly install resolved        [Object],
34 silly install resolved        [Object],
34 silly install resolved        [Object],
34 silly install resolved        [Object],
34 silly install resolved        [Object],
34 silly install resolved        [Object],
34 silly install resolved        [Object],
34 silly install resolved        [Object],
34 silly install resolved        [Object],
34 silly install resolved        [Object],
34 silly install resolved        [Object],
34 silly install resolved        [Object],
34 silly install resolved        [Object],
34 silly install resolved        [Object],
34 silly install resolved        [Object],
34 silly install resolved        [Object],
34 silly install resolved        [Object],
34 silly install resolved        [Object],
34 silly install resolved        [Object],
34 silly install resolved        [Object],
34 silly install resolved        [Object],
34 silly install resolved        [Object],
34 silly install resolved        [Object],
34 silly install resolved        [Object],
34 silly install resolved        [Object],
34 silly install resolved        [Object],
34 silly install resolved        [Object],
34 silly install resolved        [Object],
34 silly install resolved        [Object],
34 silly install resolved        [Object],
34 silly install resolved        [Object],
34 silly install resolved        [Object],
34 silly install resolved        [Object],
34 silly install resolved        [Object],
34 silly install resolved        [Object],
34 silly install resolved        [Object],
34 silly install resolved        [Object],
34 silly install resolved        [Object],
34 silly install resolved        [Object],
34 silly install resolved        [Object],
34 silly install resolved        [Object],
34 silly install resolved        [Object],
34 silly install resolved        [Object],
34 silly install resolved        [Object],
34 silly install resolved        [Object],
34 silly install resolved        [Object],
34 silly install resolved        [Object],
34 silly install resolved        [Object],
34 silly install resolved        [Object],
34 silly install resolved        [Object],
34 silly install resolved        [Object],
34 silly install resolved        [Object],
34 silly install resolved        [Object],
34 silly install resolved        [Object],
34 silly install resolved        [Object],
34 silly install resolved        [Object],
34 silly install resolved        [Object],
34 silly install resolved        [Object],
34 silly install resolved        [Object],
34 silly install resolved        [Object],
34 silly install resolved        [Object],
34 silly install resolved        [Object],
34 silly install resolved        [Object],
34 silly install resolved        [Object],
34 silly install resolved        [Object],
34 silly install resolved        [Object],
34 silly install resolved        [Object],
34 silly install resolved        [Object],
34 silly install resolved        [Object],
34 silly install resolved        [Object],
34 silly install resolved        [Object],
34 silly install resolved        [Object],
34 silly install resolved        [Object],
34 silly install resolved        [Object],
34 silly install resolved        [Object],
34 silly install resolved        [Object],
34 silly install resolved        [Object],
34 silly install resolved        [Object],
34 silly install resolved        [Object],
34 silly install resolved        [Object],
34 silly install resolved        [Object],
34 silly install resolved        [Object],
34 silly install resolved        [Object],
34 silly install resolved        [Object],
34 silly install resolved        [Object],
34 silly install resolved        [Object],
34 silly install resolved        [Object],
34 silly install resolved        [Object],
34 silly install resolved        [Object],
34 silly install resolved        [Object],
34 silly install resolved        [Object],
34 silly install resolved        [Object],
34 silly install resolved        [Object],
34 silly install resolved        [Object],
34 silly install resolved        [Object],
34 silly install resolved        [Object] ],
34 silly install resolved     dependencies:
34 silly install resolved      { di: '~0.0.1',
34 silly install resolved        'socket.io': '0.9.16',
34 silly install resolved        chokidar: '>=0.8.2',
34 silly install resolved        glob: '~3.2.7',
34 silly install resolved        minimatch: '~0.2',
34 silly install resolved        'http-proxy': '~0.10',
34 silly install resolved        optimist: '~0.6.0',
34 silly install resolved        rimraf: '~2.2.5',
34 silly install resolved        q: '~0.9.7',
34 silly install resolved        colors: '~0.6.2',
34 silly install resolved        lodash: '~2.4.1',
34 silly install resolved        mime: '~1.2.11',
34 silly install resolved        log4js: '~0.6.3',
34 silly install resolved        useragent: '~2.0.4',
34 silly install resolved        'graceful-fs': '~2.0.1',
34 silly install resolved        connect: '~2.26.0',
34 silly install resolved        'source-map': '~0.1.31' },
34 silly install resolved     devDependencies:
34 silly install resolved      { grunt: '~0.4',
34 silly install resolved        'grunt-simple-mocha': '*',
34 silly install resolved        'grunt-contrib-jshint': '~0.10.0',
34 silly install resolved        'grunt-contrib-watch': '~0.6.1',
34 silly install resolved        'grunt-coffeelint': '~0.0.6',
34 silly install resolved        'grunt-npm': '~0.0.1',
34 silly install resolved        'grunt-bump': '~0.0.10',
34 silly install resolved        'grunt-conventional-changelog': '~1.1.0',
34 silly install resolved        'grunt-auto-release': '~0.0.3',
34 silly install resolved        'grunt-browserify': '~2.1.3',
34 silly install resolved        'load-grunt-tasks': '~0.6.0',
34 silly install resolved        mocks: '~0.0.10',
34 silly install resolved        which: '~1.0',
34 silly install resolved        mocha: '~1.20.1',
34 silly install resolved        chai: '~1.9.1',
34 silly install resolved        'chai-as-promised': '~4.1.0',
34 silly install resolved        sinon: '~1.10.3',
34 silly install resolved        'sinon-chai': '~2.5.0',
34 silly install resolved        'timer-shim': '~0.3.0',
34 silly install resolved        'karma-jasmine': '~0.1.0',
34 silly install resolved        'karma-mocha': '*',
34 silly install resolved        'karma-qunit': '*',
34 silly install resolved        'karma-coverage': '*',
34 silly install resolved        'karma-requirejs': '*',
34 silly install resolved        'karma-commonjs': '*',
34 silly install resolved        'karma-growl-reporter': '*',
34 silly install resolved        'karma-junit-reporter': '*',
34 silly install resolved        'karma-chrome-launcher': '*',
34 silly install resolved        'karma-firefox-launcher': '*',
34 silly install resolved        'karma-sauce-launcher': '*',
34 silly install resolved        'karma-phantomjs-launcher': '*',
34 silly install resolved        'karma-ng-scenario': '*',
34 silly install resolved        'karma-coffee-preprocessor': '*',
34 silly install resolved        'karma-live-preprocessor': '*',
34 silly install resolved        'karma-html2js-preprocessor': '*',
34 silly install resolved        'karma-browserstack-launcher': '*',
34 silly install resolved        LiveScript: '~1.2.0',
34 silly install resolved        'coffee-errors': '~0.8.6',
34 silly install resolved        'coffee-script': '~1.7.1',
34 silly install resolved        'grunt-jscs-checker': '~0.6.1' },
34 silly install resolved     main: './lib/index',
34 silly install resolved     bin: {},
34 silly install resolved     engines: { node: '~0.8 || ~0.10' },
34 silly install resolved     version: '0.12.31',
34 silly install resolved     license: 'MIT',
34 silly install resolved     gitHead: '6d2e4a7751a04284ce0836eba72cbe844933be9e',
34 silly install resolved     _id: 'karma@0.12.31',
34 silly install resolved     scripts: {},
34 silly install resolved     _shasum: '806aa7c2acb13a39edb9374a7a477e643a5e94c9',
34 silly install resolved     _from: 'karma@>=0.12.24 <0.13.0',
34 silly install resolved     _npmVersion: '2.1.17',
34 silly install resolved     _nodeVersion: '0.10.35',
34 silly install resolved     _npmUser: { name: 'karmarunnerbot', email: 'karmarunnerbot@gmail.com' },
34 silly install resolved     maintainers: [ [Object], [Object] ],
34 silly install resolved     dist:
34 silly install resolved      { shasum: '806aa7c2acb13a39edb9374a7a477e643a5e94c9',
34 silly install resolved        tarball: 'http://registry.npmjs.org/karma/-/karma-0.12.31.tgz' },
34 silly install resolved     directories: {},
34 silly install resolved     _resolved: 'https://registry.npmjs.org/karma/-/karma-0.12.31.tgz',
34 silly install resolved     readme: 'ERROR: No README data found!' } ]
35 info install karma@0.12.31 into /Users/spencerbigum/Documents/github/Angular-learning/simpleton
36 info installOne karma@0.12.31
37 verbose installOne of karma to /Users/spencerbigum/Documents/github/Angular-learning/simpleton not in flight; installing
38 warn locking Error: EACCES, open '/Users/spencerbigum/.npm/_locks/karma-5c142ec8a451d7dd.lock'
38 warn locking  /Users/spencerbigum/.npm/_locks/karma-5c142ec8a451d7dd.lock failed { [Error: EACCES, open '/Users/spencerbigum/.npm/_locks/karma-5c142ec8a451d7dd.lock']
38 warn locking   errno: 3,
38 warn locking   code: 'EACCES',
38 warn locking   path: '/Users/spencerbigum/.npm/_locks/karma-5c142ec8a451d7dd.lock' }
39 verbose stack Error: Attempt to unlock /Users/spencerbigum/Documents/github/Angular-learning/simpleton/node_modules/karma, which hasn't been locked
39 verbose stack     at unlock (/usr/local/lib/node_modules/npm/lib/utils/locker.js:66:11)
39 verbose stack     at cb (/usr/local/lib/node_modules/npm/lib/install.js:929:5)
39 verbose stack     at /usr/local/lib/node_modules/npm/lib/install.js:933:20
39 verbose stack     at /usr/local/lib/node_modules/npm/lib/utils/locker.js:40:9
39 verbose stack     at cb (/usr/local/lib/node_modules/npm/node_modules/lockfile/lockfile.js:149:38)
39 verbose stack     at /usr/local/lib/node_modules/npm/node_modules/lockfile/lockfile.js:177:38
39 verbose stack     at Object.oncomplete (fs.js:108:15)
40 verbose cwd /Users/spencerbigum/Documents/github/Angular-learning/simpleton
41 error Darwin 13.0.0
42 error argv "node" "/usr/local/bin/npm" "install" "karma" "--save-dev"
43 error node v0.10.36
44 error npm  v2.4.1
45 error Attempt to unlock /Users/spencerbigum/Documents/github/Angular-learning/simpleton/node_modules/karma, which hasn't been locked
46 error If you need help, you may report this error at:
46 error     <http://github.com/npm/npm/issues>
47 verbose exit [ 1, true ]
